<?xml version="1.0" encoding="UTF-8"?>
<testng-results skipped="0" failed="0" ignored="0" total="16" passed="16">
  <reporter-output>
  </reporter-output>
  <suite name="Suite" duration-ms="336" started-at="2019-03-24T11:16:18Z" finished-at="2019-03-24T11:16:19Z">
    <groups>
    </groups>
    <test name="Test 1" duration-ms="135" started-at="2019-03-24T11:16:18Z" finished-at="2019-03-24T11:16:18Z">
      <class name="TestNGAnnotation.Module3">
        <test-method status="PASS" signature="beforeClass()[pri:0, instance:TestNGAnnotation.Module3@396a51ab]" name="beforeClass" is-config="true" duration-ms="0" started-at="2019-03-24T11:16:18Z" finished-at="2019-03-24T11:16:18Z">
          <reporter-output>
          </reporter-output>
        </test-method> <!-- beforeClass -->
        <test-method status="PASS" signature="test1()[pri:0, instance:TestNGAnnotation.Module3@396a51ab]" name="test1" duration-ms="2" started-at="2019-03-24T11:16:18Z" finished-at="2019-03-24T11:16:18Z">
          <reporter-output>
          </reporter-output>
        </test-method> <!-- test1 -->
        <test-method status="PASS" signature="beforeMethod()[pri:0, instance:TestNGAnnotation.Module3@396a51ab]" name="beforeMethod" is-config="true" duration-ms="0" started-at="2019-03-24T11:16:18Z" finished-at="2019-03-24T11:16:18Z">
          <reporter-output>
          </reporter-output>
        </test-method> <!-- beforeMethod -->
        <test-method status="PASS" signature="afterMethod()[pri:0, instance:TestNGAnnotation.Module3@396a51ab]" name="afterMethod" is-config="true" duration-ms="1" started-at="2019-03-24T11:16:18Z" finished-at="2019-03-24T11:16:18Z">
          <reporter-output>
          </reporter-output>
        </test-method> <!-- afterMethod -->
        <test-method status="PASS" signature="beforeMethod()[pri:0, instance:TestNGAnnotation.Module3@396a51ab]" name="beforeMethod" is-config="true" duration-ms="0" started-at="2019-03-24T11:16:18Z" finished-at="2019-03-24T11:16:18Z">
          <reporter-output>
          </reporter-output>
        </test-method> <!-- beforeMethod -->
        <test-method status="PASS" signature="test2()[pri:0, instance:TestNGAnnotation.Module3@396a51ab]" name="test2" duration-ms="25" started-at="2019-03-24T11:16:18Z" finished-at="2019-03-24T11:16:18Z">
          <reporter-output>
          </reporter-output>
        </test-method> <!-- test2 -->
        <test-method status="PASS" signature="afterMethod()[pri:0, instance:TestNGAnnotation.Module3@396a51ab]" name="afterMethod" is-config="true" duration-ms="1" started-at="2019-03-24T11:16:18Z" finished-at="2019-03-24T11:16:18Z">
          <reporter-output>
          </reporter-output>
        </test-method> <!-- afterMethod -->
        <test-method status="PASS" signature="beforeMethod()[pri:0, instance:TestNGAnnotation.Module3@396a51ab]" name="beforeMethod" is-config="true" duration-ms="0" started-at="2019-03-24T11:16:18Z" finished-at="2019-03-24T11:16:18Z">
          <reporter-output>
          </reporter-output>
        </test-method> <!-- beforeMethod -->
        <test-method status="PASS" signature="test3()[pri:0, instance:TestNGAnnotation.Module3@396a51ab]" name="test3" duration-ms="2" started-at="2019-03-24T11:16:18Z" finished-at="2019-03-24T11:16:18Z">
          <reporter-output>
          </reporter-output>
        </test-method> <!-- test3 -->
        <test-method status="PASS" signature="afterMethod()[pri:0, instance:TestNGAnnotation.Module3@396a51ab]" name="afterMethod" is-config="true" duration-ms="0" started-at="2019-03-24T11:16:18Z" finished-at="2019-03-24T11:16:18Z">
          <reporter-output>
          </reporter-output>
        </test-method> <!-- afterMethod -->
        <test-method status="PASS" signature="test4()[pri:0, instance:TestNGAnnotation.Module3@396a51ab]" name="test4" duration-ms="2" started-at="2019-03-24T11:16:18Z" finished-at="2019-03-24T11:16:18Z">
          <reporter-output>
          </reporter-output>
        </test-method> <!-- test4 -->
        <test-method status="PASS" signature="beforeMethod()[pri:0, instance:TestNGAnnotation.Module3@396a51ab]" name="beforeMethod" is-config="true" duration-ms="0" started-at="2019-03-24T11:16:18Z" finished-at="2019-03-24T11:16:18Z">
          <reporter-output>
          </reporter-output>
        </test-method> <!-- beforeMethod -->
        <test-method status="PASS" signature="afterMethod()[pri:0, instance:TestNGAnnotation.Module3@396a51ab]" name="afterMethod" is-config="true" duration-ms="0" started-at="2019-03-24T11:16:18Z" finished-at="2019-03-24T11:16:18Z">
          <reporter-output>
          </reporter-output>
        </test-method> <!-- afterMethod -->
        <test-method status="PASS" signature="afterClass()[pri:0, instance:TestNGAnnotation.Module3@396a51ab]" name="afterClass" is-config="true" duration-ms="1" started-at="2019-03-24T11:16:18Z" finished-at="2019-03-24T11:16:18Z">
          <reporter-output>
          </reporter-output>
        </test-method> <!-- afterClass -->
      </class> <!-- TestNGAnnotation.Module3 -->
      <class name="TestNGAnnotation.Module1">
        <test-method status="PASS" signature="beforetest()[pri:0, instance:TestNGAnnotation.Module1@5034c75a]" name="beforetest" is-config="true" duration-ms="1" started-at="2019-03-24T11:16:18Z" finished-at="2019-03-24T11:16:18Z">
          <reporter-output>
          </reporter-output>
        </test-method> <!-- beforetest -->
        <test-method status="PASS" signature="beforeClass()[pri:0, instance:TestNGAnnotation.Module1@5034c75a]" name="beforeClass" is-config="true" duration-ms="0" started-at="2019-03-24T11:16:18Z" finished-at="2019-03-24T11:16:18Z">
          <reporter-output>
          </reporter-output>
        </test-method> <!-- beforeClass -->
        <test-method status="PASS" signature="test1()[pri:0, instance:TestNGAnnotation.Module1@5034c75a]" name="test1" duration-ms="12" started-at="2019-03-24T11:16:18Z" finished-at="2019-03-24T11:16:18Z">
          <reporter-output>
          </reporter-output>
        </test-method> <!-- test1 -->
        <test-method status="PASS" signature="beforeMethod()[pri:0, instance:TestNGAnnotation.Module1@5034c75a]" name="beforeMethod" is-config="true" duration-ms="0" started-at="2019-03-24T11:16:18Z" finished-at="2019-03-24T11:16:18Z">
          <reporter-output>
          </reporter-output>
        </test-method> <!-- beforeMethod -->
        <test-method status="PASS" signature="afterMethod()[pri:0, instance:TestNGAnnotation.Module1@5034c75a]" name="afterMethod" is-config="true" duration-ms="7" started-at="2019-03-24T11:16:18Z" finished-at="2019-03-24T11:16:18Z">
          <reporter-output>
          </reporter-output>
        </test-method> <!-- afterMethod -->
        <test-method status="PASS" signature="beforeMethod()[pri:0, instance:TestNGAnnotation.Module1@5034c75a]" name="beforeMethod" is-config="true" duration-ms="1" started-at="2019-03-24T11:16:18Z" finished-at="2019-03-24T11:16:18Z">
          <reporter-output>
          </reporter-output>
        </test-method> <!-- beforeMethod -->
        <test-method status="PASS" signature="test2()[pri:0, instance:TestNGAnnotation.Module1@5034c75a]" name="test2" duration-ms="5" started-at="2019-03-24T11:16:18Z" finished-at="2019-03-24T11:16:18Z">
          <reporter-output>
          </reporter-output>
        </test-method> <!-- test2 -->
        <test-method status="PASS" signature="afterMethod()[pri:0, instance:TestNGAnnotation.Module1@5034c75a]" name="afterMethod" is-config="true" duration-ms="0" started-at="2019-03-24T11:16:18Z" finished-at="2019-03-24T11:16:18Z">
          <reporter-output>
          </reporter-output>
        </test-method> <!-- afterMethod -->
        <test-method status="PASS" signature="test3()[pri:0, instance:TestNGAnnotation.Module1@5034c75a]" name="test3" duration-ms="2" started-at="2019-03-24T11:16:18Z" finished-at="2019-03-24T11:16:18Z">
          <reporter-output>
          </reporter-output>
        </test-method> <!-- test3 -->
        <test-method status="PASS" signature="beforeMethod()[pri:0, instance:TestNGAnnotation.Module1@5034c75a]" name="beforeMethod" is-config="true" duration-ms="0" started-at="2019-03-24T11:16:18Z" finished-at="2019-03-24T11:16:18Z">
          <reporter-output>
          </reporter-output>
        </test-method> <!-- beforeMethod -->
        <test-method status="PASS" signature="afterMethod()[pri:0, instance:TestNGAnnotation.Module1@5034c75a]" name="afterMethod" is-config="true" duration-ms="1" started-at="2019-03-24T11:16:18Z" finished-at="2019-03-24T11:16:18Z">
          <reporter-output>
          </reporter-output>
        </test-method> <!-- afterMethod -->
        <test-method status="PASS" signature="beforeMethod()[pri:0, instance:TestNGAnnotation.Module1@5034c75a]" name="beforeMethod" is-config="true" duration-ms="0" started-at="2019-03-24T11:16:18Z" finished-at="2019-03-24T11:16:18Z">
          <reporter-output>
          </reporter-output>
        </test-method> <!-- beforeMethod -->
        <test-method status="PASS" signature="test4()[pri:0, instance:TestNGAnnotation.Module1@5034c75a]" name="test4" duration-ms="1" started-at="2019-03-24T11:16:18Z" finished-at="2019-03-24T11:16:18Z">
          <reporter-output>
          </reporter-output>
        </test-method> <!-- test4 -->
        <test-method status="PASS" signature="afterMethod()[pri:0, instance:TestNGAnnotation.Module1@5034c75a]" name="afterMethod" is-config="true" duration-ms="1" started-at="2019-03-24T11:16:18Z" finished-at="2019-03-24T11:16:18Z">
          <reporter-output>
          </reporter-output>
        </test-method> <!-- afterMethod -->
        <test-method status="PASS" signature="afterClass()[pri:0, instance:TestNGAnnotation.Module1@5034c75a]" name="afterClass" is-config="true" duration-ms="1" started-at="2019-03-24T11:16:18Z" finished-at="2019-03-24T11:16:18Z">
          <reporter-output>
          </reporter-output>
        </test-method> <!-- afterClass -->
        <test-method status="PASS" signature="aftertest()[pri:0, instance:TestNGAnnotation.Module1@5034c75a]" name="aftertest" is-config="true" duration-ms="0" started-at="2019-03-24T11:16:18Z" finished-at="2019-03-24T11:16:18Z">
          <reporter-output>
          </reporter-output>
        </test-method> <!-- aftertest -->
      </class> <!-- TestNGAnnotation.Module1 -->
    </test> <!-- Test 1 -->
    <test name="Test 2" duration-ms="91" started-at="2019-03-24T11:16:18Z" finished-at="2019-03-24T11:16:19Z">
      <class name="TestNGAnnotation.Module4">
        <test-method status="PASS" signature="beforeClass()[pri:0, instance:TestNGAnnotation.Module4@4c70fda8]" name="beforeClass" is-config="true" duration-ms="0" started-at="2019-03-24T11:16:19Z" finished-at="2019-03-24T11:16:19Z">
          <reporter-output>
          </reporter-output>
        </test-method> <!-- beforeClass -->
        <test-method status="PASS" signature="beforeMethod()[pri:0, instance:TestNGAnnotation.Module4@4c70fda8]" name="beforeMethod" is-config="true" duration-ms="1" started-at="2019-03-24T11:16:19Z" finished-at="2019-03-24T11:16:19Z">
          <reporter-output>
          </reporter-output>
        </test-method> <!-- beforeMethod -->
        <test-method status="PASS" signature="test1()[pri:0, instance:TestNGAnnotation.Module4@4c70fda8]" name="test1" duration-ms="1" started-at="2019-03-24T11:16:19Z" finished-at="2019-03-24T11:16:19Z">
          <reporter-output>
          </reporter-output>
        </test-method> <!-- test1 -->
        <test-method status="PASS" signature="beforeMethod()[pri:0, instance:TestNGAnnotation.Module4@4c70fda8]" name="beforeMethod" is-config="true" duration-ms="1" started-at="2019-03-24T11:16:19Z" finished-at="2019-03-24T11:16:19Z">
          <reporter-output>
          </reporter-output>
        </test-method> <!-- beforeMethod -->
        <test-method status="PASS" signature="afterMethod()[pri:0, instance:TestNGAnnotation.Module4@4c70fda8]" name="afterMethod" is-config="true" duration-ms="0" started-at="2019-03-24T11:16:19Z" finished-at="2019-03-24T11:16:19Z">
          <reporter-output>
          </reporter-output>
        </test-method> <!-- afterMethod -->
        <test-method status="PASS" signature="test2()[pri:0, instance:TestNGAnnotation.Module4@4c70fda8]" name="test2" duration-ms="2" started-at="2019-03-24T11:16:19Z" finished-at="2019-03-24T11:16:19Z">
          <reporter-output>
          </reporter-output>
        </test-method> <!-- test2 -->
        <test-method status="PASS" signature="afterMethod()[pri:0, instance:TestNGAnnotation.Module4@4c70fda8]" name="afterMethod" is-config="true" duration-ms="1" started-at="2019-03-24T11:16:19Z" finished-at="2019-03-24T11:16:19Z">
          <reporter-output>
          </reporter-output>
        </test-method> <!-- afterMethod -->
        <test-method status="PASS" signature="test3()[pri:0, instance:TestNGAnnotation.Module4@4c70fda8]" name="test3" duration-ms="3" started-at="2019-03-24T11:16:19Z" finished-at="2019-03-24T11:16:19Z">
          <reporter-output>
          </reporter-output>
        </test-method> <!-- test3 -->
        <test-method status="PASS" signature="beforeMethod()[pri:0, instance:TestNGAnnotation.Module4@4c70fda8]" name="beforeMethod" is-config="true" duration-ms="0" started-at="2019-03-24T11:16:19Z" finished-at="2019-03-24T11:16:19Z">
          <reporter-output>
          </reporter-output>
        </test-method> <!-- beforeMethod -->
        <test-method status="PASS" signature="afterMethod()[pri:0, instance:TestNGAnnotation.Module4@4c70fda8]" name="afterMethod" is-config="true" duration-ms="0" started-at="2019-03-24T11:16:19Z" finished-at="2019-03-24T11:16:19Z">
          <reporter-output>
          </reporter-output>
        </test-method> <!-- afterMethod -->
        <test-method status="PASS" signature="test4()[pri:0, instance:TestNGAnnotation.Module4@4c70fda8]" name="test4" duration-ms="1" started-at="2019-03-24T11:16:19Z" finished-at="2019-03-24T11:16:19Z">
          <reporter-output>
          </reporter-output>
        </test-method> <!-- test4 -->
        <test-method status="PASS" signature="beforeMethod()[pri:0, instance:TestNGAnnotation.Module4@4c70fda8]" name="beforeMethod" is-config="true" duration-ms="0" started-at="2019-03-24T11:16:19Z" finished-at="2019-03-24T11:16:19Z">
          <reporter-output>
          </reporter-output>
        </test-method> <!-- beforeMethod -->
        <test-method status="PASS" signature="afterClass()[pri:0, instance:TestNGAnnotation.Module4@4c70fda8]" name="afterClass" is-config="true" duration-ms="0" started-at="2019-03-24T11:16:19Z" finished-at="2019-03-24T11:16:19Z">
          <reporter-output>
          </reporter-output>
        </test-method> <!-- afterClass -->
        <test-method status="PASS" signature="afterMethod()[pri:0, instance:TestNGAnnotation.Module4@4c70fda8]" name="afterMethod" is-config="true" duration-ms="0" started-at="2019-03-24T11:16:19Z" finished-at="2019-03-24T11:16:19Z">
          <reporter-output>
          </reporter-output>
        </test-method> <!-- afterMethod -->
      </class> <!-- TestNGAnnotation.Module4 -->
      <class name="TestNGAnnotation.Module2">
        <test-method status="PASS" signature="beforetest()[pri:0, instance:TestNGAnnotation.Module2@26be92ad]" name="beforetest" is-config="true" duration-ms="1" started-at="2019-03-24T11:16:18Z" finished-at="2019-03-24T11:16:18Z">
          <reporter-output>
          </reporter-output>
        </test-method> <!-- beforetest -->
        <test-method status="PASS" signature="beforeClass()[pri:0, instance:TestNGAnnotation.Module2@26be92ad]" name="beforeClass" is-config="true" duration-ms="0" started-at="2019-03-24T11:16:18Z" finished-at="2019-03-24T11:16:18Z">
          <reporter-output>
          </reporter-output>
        </test-method> <!-- beforeClass -->
        <test-method status="PASS" signature="beforeMethod()[pri:0, instance:TestNGAnnotation.Module2@26be92ad]" name="beforeMethod" is-config="true" duration-ms="0" started-at="2019-03-24T11:16:18Z" finished-at="2019-03-24T11:16:18Z">
          <reporter-output>
          </reporter-output>
        </test-method> <!-- beforeMethod -->
        <test-method status="PASS" signature="test1()[pri:0, instance:TestNGAnnotation.Module2@26be92ad]" name="test1" duration-ms="3" started-at="2019-03-24T11:16:18Z" finished-at="2019-03-24T11:16:18Z">
          <reporter-output>
          </reporter-output>
        </test-method> <!-- test1 -->
        <test-method status="PASS" signature="afterMethod()[pri:0, instance:TestNGAnnotation.Module2@26be92ad]" name="afterMethod" is-config="true" duration-ms="1" started-at="2019-03-24T11:16:18Z" finished-at="2019-03-24T11:16:18Z">
          <reporter-output>
          </reporter-output>
        </test-method> <!-- afterMethod -->
        <test-method status="PASS" signature="beforeMethod()[pri:0, instance:TestNGAnnotation.Module2@26be92ad]" name="beforeMethod" is-config="true" duration-ms="0" started-at="2019-03-24T11:16:18Z" finished-at="2019-03-24T11:16:18Z">
          <reporter-output>
          </reporter-output>
        </test-method> <!-- beforeMethod -->
        <test-method status="PASS" signature="test2()[pri:0, instance:TestNGAnnotation.Module2@26be92ad]" name="test2" duration-ms="10" started-at="2019-03-24T11:16:18Z" finished-at="2019-03-24T11:16:18Z">
          <reporter-output>
          </reporter-output>
        </test-method> <!-- test2 -->
        <test-method status="PASS" signature="afterMethod()[pri:0, instance:TestNGAnnotation.Module2@26be92ad]" name="afterMethod" is-config="true" duration-ms="1" started-at="2019-03-24T11:16:18Z" finished-at="2019-03-24T11:16:18Z">
          <reporter-output>
          </reporter-output>
        </test-method> <!-- afterMethod -->
        <test-method status="PASS" signature="beforeMethod()[pri:0, instance:TestNGAnnotation.Module2@26be92ad]" name="beforeMethod" is-config="true" duration-ms="2" started-at="2019-03-24T11:16:18Z" finished-at="2019-03-24T11:16:18Z">
          <reporter-output>
          </reporter-output>
        </test-method> <!-- beforeMethod -->
        <test-method status="PASS" signature="test3()[pri:0, instance:TestNGAnnotation.Module2@26be92ad]" name="test3" duration-ms="3" started-at="2019-03-24T11:16:18Z" finished-at="2019-03-24T11:16:18Z">
          <reporter-output>
          </reporter-output>
        </test-method> <!-- test3 -->
        <test-method status="PASS" signature="beforeMethod()[pri:0, instance:TestNGAnnotation.Module2@26be92ad]" name="beforeMethod" is-config="true" duration-ms="18" started-at="2019-03-24T11:16:18Z" finished-at="2019-03-24T11:16:19Z">
          <reporter-output>
          </reporter-output>
        </test-method> <!-- beforeMethod -->
        <test-method status="PASS" signature="afterMethod()[pri:0, instance:TestNGAnnotation.Module2@26be92ad]" name="afterMethod" is-config="true" duration-ms="0" started-at="2019-03-24T11:16:18Z" finished-at="2019-03-24T11:16:18Z">
          <reporter-output>
          </reporter-output>
        </test-method> <!-- afterMethod -->
        <test-method status="PASS" signature="test4()[pri:0, instance:TestNGAnnotation.Module2@26be92ad]" name="test4" duration-ms="6" started-at="2019-03-24T11:16:19Z" finished-at="2019-03-24T11:16:19Z">
          <reporter-output>
          </reporter-output>
        </test-method> <!-- test4 -->
        <test-method status="PASS" signature="afterClass()[pri:0, instance:TestNGAnnotation.Module2@26be92ad]" name="afterClass" is-config="true" duration-ms="1" started-at="2019-03-24T11:16:19Z" finished-at="2019-03-24T11:16:19Z">
          <reporter-output>
          </reporter-output>
        </test-method> <!-- afterClass -->
        <test-method status="PASS" signature="afterMethod()[pri:0, instance:TestNGAnnotation.Module2@26be92ad]" name="afterMethod" is-config="true" duration-ms="0" started-at="2019-03-24T11:16:19Z" finished-at="2019-03-24T11:16:19Z">
          <reporter-output>
          </reporter-output>
        </test-method> <!-- afterMethod -->
        <test-method status="PASS" signature="aftertest()[pri:0, instance:TestNGAnnotation.Module2@26be92ad]" name="aftertest" is-config="true" duration-ms="1" started-at="2019-03-24T11:16:19Z" finished-at="2019-03-24T11:16:19Z">
          <reporter-output>
          </reporter-output>
        </test-method> <!-- aftertest -->
      </class> <!-- TestNGAnnotation.Module2 -->
      <class name="TestNGAnnotation.Module1">
        <test-method status="PASS" signature="beforeSuite()[pri:0, instance:TestNGAnnotation.Module1@5034c75a]" name="beforeSuite" is-config="true" duration-ms="17" started-at="2019-03-24T11:16:18Z" finished-at="2019-03-24T11:16:18Z">
          <reporter-output>
          </reporter-output>
        </test-method> <!-- beforeSuite -->
        <test-method status="PASS" signature="afterSuite()[pri:0, instance:TestNGAnnotation.Module1@5034c75a]" name="afterSuite" is-config="true" duration-ms="0" started-at="2019-03-24T11:16:19Z" finished-at="2019-03-24T11:16:19Z">
          <reporter-output>
          </reporter-output>
        </test-method> <!-- afterSuite -->
      </class> <!-- TestNGAnnotation.Module1 -->
    </test> <!-- Test 2 -->
  </suite> <!-- Suite -->
</testng-results>
