<?xml version="1.0" encoding="UTF-8"?>
<!-- Generated by org.testng.reporters.JUnitXMLReporter -->
<testsuite hostname="user-PC" ignored="0" name="Default test" tests="4" failures="0" timestamp="24 Mar 2019 11:16:02 GMT" time="0.09" errors="0">
  <testcase name="test1" time="0.011" classname="TestNGAnnotation.Module1"/>
  <testcase name="test2" time="0.002" classname="TestNGAnnotation.Module1"/>
  <testcase name="test3" time="0.009" classname="TestNGAnnotation.Module1"/>
  <testcase name="test4" time="0.001" classname="TestNGAnnotation.Module1"/>
</testsuite> <!-- Default test -->
