<?xml version="1.0" encoding="UTF-8"?>
<!-- Generated by org.testng.reporters.JUnitXMLReporter -->
<testsuite hostname="user-PC" ignored="0" name="Default test" tests="4" failures="0" timestamp="31 Mar 2019 11:26:03 GMT" time="73.153" errors="0">
  <testcase name="script" time="18.102" classname="Scripts.TC_login"/>
  <testcase name="script" time="19.399" classname="Scripts.TC_login"/>
  <testcase name="script" time="16.411" classname="Scripts.TC_login"/>
  <testcase name="script" time="18.693" classname="Scripts.TC_login"/>
</testsuite> <!-- Default test -->
