<?xml version="1.0" encoding="UTF-8"?>
<!-- Generated by org.testng.reporters.JUnitXMLReporter -->
<testsuite hostname="user-PC" ignored="0" name="Test 2" tests="8" failures="0" timestamp="24 Mar 2019 11:16:19 GMT" time="0.091" errors="0">
  <testcase name="test1" time="0.003" classname="TestNGAnnotation.Module2"/>
  <testcase name="test2" time="0.01" classname="TestNGAnnotation.Module2"/>
  <testcase name="test3" time="0.003" classname="TestNGAnnotation.Module2"/>
  <testcase name="test4" time="0.006" classname="TestNGAnnotation.Module2"/>
  <testcase name="test1" time="0.001" classname="TestNGAnnotation.Module4"/>
  <testcase name="test2" time="0.002" classname="TestNGAnnotation.Module4"/>
  <testcase name="test3" time="0.003" classname="TestNGAnnotation.Module4"/>
  <testcase name="test4" time="0.001" classname="TestNGAnnotation.Module4"/>
</testsuite> <!-- Test 2 -->
