<?xml version="1.0" encoding="UTF-8"?>
<!-- Generated by org.testng.reporters.JUnitXMLReporter -->
<testsuite hostname="user-PC" ignored="0" name="Test 1" tests="8" failures="0" timestamp="24 Mar 2019 11:16:18 GMT" time="0.135" errors="0">
  <testcase name="test1" time="0.012" classname="TestNGAnnotation.Module1"/>
  <testcase name="test2" time="0.005" classname="TestNGAnnotation.Module1"/>
  <testcase name="test3" time="0.002" classname="TestNGAnnotation.Module1"/>
  <testcase name="test4" time="0.001" classname="TestNGAnnotation.Module1"/>
  <testcase name="test1" time="0.002" classname="TestNGAnnotation.Module3"/>
  <testcase name="test2" time="0.025" classname="TestNGAnnotation.Module3"/>
  <testcase name="test3" time="0.002" classname="TestNGAnnotation.Module3"/>
  <testcase name="test4" time="0.002" classname="TestNGAnnotation.Module3"/>
</testsuite> <!-- Test 1 -->
