<?xml version="1.0" encoding="UTF-8"?>
<!-- Generated by org.testng.reporters.JUnitXMLReporter -->
<testsuite hostname="user-PC" ignored="0" name="Test2" tests="4" failures="4" timestamp="31 Mar 2019 12:15:07 GMT" time="20.241" errors="0">
  <testcase name="script" time="5.405" classname="Scripts.TC_login">
    <failure type="java.lang.AssertionError" message="expected [Find a Flight: Mercury Tours:] but found [Welcome: Mercury Tours]">
      <![CDATA[java.lang.AssertionError: expected [Find a Flight: Mercury Tours:] but found [Welcome: Mercury Tours]
at Scripts.TC_login.script(TC_login.java:42)
at java.util.concurrent.FutureTask.run(Unknown Source)
at java.util.concurrent.ThreadPoolExecutor.runWorker(Unknown Source)
at java.util.concurrent.ThreadPoolExecutor$Worker.run(Unknown Source)
at java.lang.Thread.run(Unknown Source)
... Removed 22 stack frames]]>
    </failure>
  </testcase> <!-- script -->
  <testcase name="script" time="0.37" classname="Scripts.TC_login">
    <failure type="java.lang.AssertionError" message="expected [Find a Flight: Mercury Tours:] but found [Welcome: Mercury Tours]">
      <![CDATA[java.lang.AssertionError: expected [Find a Flight: Mercury Tours:] but found [Welcome: Mercury Tours]
at Scripts.TC_login.script(TC_login.java:42)
at java.util.concurrent.FutureTask.run(Unknown Source)
at java.util.concurrent.ThreadPoolExecutor.runWorker(Unknown Source)
at java.util.concurrent.ThreadPoolExecutor$Worker.run(Unknown Source)
at java.lang.Thread.run(Unknown Source)
... Removed 22 stack frames]]>
    </failure>
  </testcase> <!-- script -->
  <testcase name="script" time="0.439" classname="Scripts.TC_login">
    <failure type="java.lang.AssertionError" message="expected [Find a Flight: Mercury Tours:] but found [Welcome: Mercury Tours]">
      <![CDATA[java.lang.AssertionError: expected [Find a Flight: Mercury Tours:] but found [Welcome: Mercury Tours]
at Scripts.TC_login.script(TC_login.java:42)
at java.util.concurrent.FutureTask.run(Unknown Source)
at java.util.concurrent.ThreadPoolExecutor.runWorker(Unknown Source)
at java.util.concurrent.ThreadPoolExecutor$Worker.run(Unknown Source)
at java.lang.Thread.run(Unknown Source)
... Removed 22 stack frames]]>
    </failure>
  </testcase> <!-- script -->
  <testcase name="script" time="0.329" classname="Scripts.TC_login">
    <failure type="java.lang.AssertionError" message="expected [Find a Flight: Mercury Tours:] but found [Welcome: Mercury Tours]">
      <![CDATA[java.lang.AssertionError: expected [Find a Flight: Mercury Tours:] but found [Welcome: Mercury Tours]
at Scripts.TC_login.script(TC_login.java:42)
at java.util.concurrent.FutureTask.run(Unknown Source)
at java.util.concurrent.ThreadPoolExecutor.runWorker(Unknown Source)
at java.util.concurrent.ThreadPoolExecutor$Worker.run(Unknown Source)
at java.lang.Thread.run(Unknown Source)
... Removed 22 stack frames]]>
    </failure>
  </testcase> <!-- script -->
</testsuite> <!-- Test2 -->
